<?xml version="1.0" encoding="UTF-8"?>
<!-- Generated by org.testng.reporters.JUnitXMLReporter -->
<testsuite hostname="LAPTOP-R6T60MPJ" ignored="0" name="Test" tests="1" failures="0" timestamp="2019-09-28T16:20:41 IST" time="0.071" errors="0">
  <testcase name="@BeforeSuite setUp" time="1.527" classname="config.HarvestOrder_Login">
    <failure type="org.openqa.selenium.SessionNotCreatedException" message="Unable to create a new remote session. Please check the server log for more details. Original error: An unknown server-side error occurred while processing the command. Original error: Could not find &amp;apos;adb.exe&amp;apos; in [&amp;quot;C:\\Users\\SuneelSirimisetti\\AppData\\Local\\Android\\Sdk\\tools\\bin\\sdkmanager.bat\\platform-tools\\adb.exe&amp;quot;,&amp;quot;C:\\Users\\SuneelSirimisetti\\AppData\\Local\\Android\\Sdk\\tools\\bin\\sdkmanager.bat\\emulator\\adb.exe&amp;quot;,&amp;quot;C:\\Users\\SuneelSirimisetti\\AppData\\Local\\Android\\Sdk\\tools\\bin\\sdkmanager.bat\\tools\\adb.exe&amp;quot;,&amp;quot;C:\\Users\\SuneelSirimisetti\\AppData\\Local\\Android\\Sdk\\tools\\bin\\sdkmanager.bat\\tools\\bin\\adb.exe&amp;quot;]. Do you have Android Build Tools installed at &amp;apos;C:\Users\SuneelSirimisetti\AppData\Local\Android\Sdk\tools\bin\sdkmanager.bat&amp;apos;?
Build info: version: &amp;apos;4.0.0-alpha-1&amp;apos;, revision: &amp;apos;d1d3728cae&amp;apos;, time: &amp;apos;2019-04-24T13:42:21&amp;apos;
System info: host: &amp;apos;LAPTOP-R6T60MPJ&amp;apos;, ip: &amp;apos;192.168.1.6&amp;apos;, os.name: &amp;apos;Windows 10&amp;apos;, os.arch: &amp;apos;amd64&amp;apos;, os.version: &amp;apos;10.0&amp;apos;, java.version: &amp;apos;1.8.0_212&amp;apos;
Driver info: driver.version: AndroidDriver
remote stacktrace: UnknownError: An unknown server-side error occurred while processing the command. Original error: Could not find &amp;apos;adb.exe&amp;apos; in [&amp;quot;C:\\Users\\SuneelSirimisetti\\AppData\\Local\\Android\\Sdk\\tools\\bin\\sdkmanager.bat\\platform-tools\\adb.exe&amp;quot;,&amp;quot;C:\\Users\\SuneelSirimisetti\\AppData\\Local\\Android\\Sdk\\tools\\bin\\sdkmanager.bat\\emulator\\adb.exe&amp;quot;,&amp;quot;C:\\Users\\SuneelSirimisetti\\AppData\\Local\\Android\\Sdk\\tools\\bin\\sdkmanager.bat\\tools\\adb.exe&amp;quot;,&amp;quot;C:\\Users\\SuneelSirimisetti\\AppData\\Local\\Android\\Sdk\\tools\\bin\\sdkmanager.bat\\tools\\bin\\adb.exe&amp;quot;]. Do you have Android Build Tools installed at &amp;apos;C:\Users\SuneelSirimisetti\AppData\Local\Android\Sdk\tools\bin\sdkmanager.bat&amp;apos;?
    at getResponseForW3CError (C:\Program Files\Appium\resources\app\node_modules\appium\node_modules\appium-base-driver\lib\protocol\errors.js:826:9)
    at asyncHandler (C:\Program Files\Appium\resources\app\node_modules\appium\node_modules\appium-base-driver\lib\protocol\protocol.js:447:37)
    at process._tickCallback (internal/process/next_tick.js:68:7)
Build info: version: &amp;apos;4.0.0-alpha-1&amp;apos;, revision: &amp;apos;d1d3728cae&amp;apos;, time: &amp;apos;2019-04-24T13:42:21&amp;apos;
System info: host: &amp;apos;LAPTOP-R6T60MPJ&amp;apos;, ip: &amp;apos;192.168.1.6&amp;apos;, os.name: &amp;apos;Windows 10&amp;apos;, os.arch: &amp;apos;amd64&amp;apos;, os.version: &amp;apos;10.0&amp;apos;, java.version: &amp;apos;1.8.0_212&amp;apos;
Driver info: driver.version: AndroidDriver">
      <![CDATA[org.openqa.selenium.SessionNotCreatedException: Unable to create a new remote session. Please check the server log for more details. Original error: An unknown server-side error occurred while processing the command. Original error: Could not find 'adb.exe' in ["C:\\Users\\SuneelSirimisetti\\AppData\\Local\\Android\\Sdk\\tools\\bin\\sdkmanager.bat\\platform-tools\\adb.exe","C:\\Users\\SuneelSirimisetti\\AppData\\Local\\Android\\Sdk\\tools\\bin\\sdkmanager.bat\\emulator\\adb.exe","C:\\Users\\SuneelSirimisetti\\AppData\\Local\\Android\\Sdk\\tools\\bin\\sdkmanager.bat\\tools\\adb.exe","C:\\Users\\SuneelSirimisetti\\AppData\\Local\\Android\\Sdk\\tools\\bin\\sdkmanager.bat\\tools\\bin\\adb.exe"]. Do you have Android Build Tools installed at 'C:\Users\SuneelSirimisetti\AppData\Local\Android\Sdk\tools\bin\sdkmanager.bat'?
Build info: version: '4.0.0-alpha-1', revision: 'd1d3728cae', time: '2019-04-24T13:42:21'
System info: host: 'LAPTOP-R6T60MPJ', ip: '192.168.1.6', os.name: 'Windows 10', os.arch: 'amd64', os.version: '10.0', java.version: '1.8.0_212'
Driver info: driver.version: AndroidDriver
remote stacktrace: UnknownError: An unknown server-side error occurred while processing the command. Original error: Could not find 'adb.exe' in ["C:\\Users\\SuneelSirimisetti\\AppData\\Local\\Android\\Sdk\\tools\\bin\\sdkmanager.bat\\platform-tools\\adb.exe","C:\\Users\\SuneelSirimisetti\\AppData\\Local\\Android\\Sdk\\tools\\bin\\sdkmanager.bat\\emulator\\adb.exe","C:\\Users\\SuneelSirimisetti\\AppData\\Local\\Android\\Sdk\\tools\\bin\\sdkmanager.bat\\tools\\adb.exe","C:\\Users\\SuneelSirimisetti\\AppData\\Local\\Android\\Sdk\\tools\\bin\\sdkmanager.bat\\tools\\bin\\adb.exe"]. Do you have Android Build Tools installed at 'C:\Users\SuneelSirimisetti\AppData\Local\Android\Sdk\tools\bin\sdkmanager.bat'?
    at getResponseForW3CError (C:\Program Files\Appium\resources\app\node_modules\appium\node_modules\appium-base-driver\lib\protocol\errors.js:826:9)
    at asyncHandler (C:\Program Files\Appium\resources\app\node_modules\appium\node_modules\appium-base-driver\lib\protocol\protocol.js:447:37)
    at process._tickCallback (internal/process/next_tick.js:68:7)
Build info: version: '4.0.0-alpha-1', revision: 'd1d3728cae', time: '2019-04-24T13:42:21'
System info: host: 'LAPTOP-R6T60MPJ', ip: '192.168.1.6', os.name: 'Windows 10', os.arch: 'amd64', os.version: '10.0', java.version: '1.8.0_212'
Driver info: driver.version: AndroidDriver
at io.appium.java_client.remote.AppiumCommandExecutor$1.createSession(AppiumCommandExecutor.java:208)
at io.appium.java_client.remote.AppiumCommandExecutor.createSession(AppiumCommandExecutor.java:217)
at io.appium.java_client.remote.AppiumCommandExecutor.execute(AppiumCommandExecutor.java:239)
at org.openqa.selenium.remote.RemoteWebDriver.execute(RemoteWebDriver.java:577)
at org.openqa.selenium.remote.RemoteWebDriver.startSession(RemoteWebDriver.java:211)
at io.appium.java_client.AppiumDriver.startSession(AppiumDriver.java:323)
at org.openqa.selenium.remote.RemoteWebDriver.<init>(RemoteWebDriver.java:131)
at io.appium.java_client.DefaultGenericMobileDriver.<init>(DefaultGenericMobileDriver.java:37)
at io.appium.java_client.AppiumDriver.<init>(AppiumDriver.java:86)
at io.appium.java_client.AppiumDriver.<init>(AppiumDriver.java:96)
at io.appium.java_client.android.AndroidDriver.<init>(AndroidDriver.java:94)
at config.HarvestOrder_Login.setUp(HarvestOrder_Login.java:38)
at io.appium.java_client.remote.AppiumCommandExecutor$1.createSession(AppiumCommandExecutor.java:186)
... 30 more
Caused by: org.openqa.selenium.WebDriverException: An unknown server-side error occurred while processing the command. Original error: Could not find 'adb.exe' in ["C:\\Users\\SuneelSirimisetti\\AppData\\Local\\Android\\Sdk\\tools\\bin\\sdkmanager.bat\\platform-tools\\adb.exe","C:\\Users\\SuneelSirimisetti\\AppData\\Local\\Android\\Sdk\\tools\\bin\\sdkmanager.bat\\emulator\\adb.exe","C:\\Users\\SuneelSirimisetti\\AppData\\Local\\Android\\Sdk\\tools\\bin\\sdkmanager.bat\\tools\\adb.exe","C:\\Users\\SuneelSirimisetti\\AppData\\Local\\Android\\Sdk\\tools\\bin\\sdkmanager.bat\\tools\\bin\\adb.exe"]. Do you have Android Build Tools installed at 'C:\Users\SuneelSirimisetti\AppData\Local\Android\Sdk\tools\bin\sdkmanager.bat'?
Build info: version: '4.0.0-alpha-1', revision: 'd1d3728cae', time: '2019-04-24T13:42:21'
System info: host: 'LAPTOP-R6T60MPJ', ip: '192.168.1.6', os.name: 'Windows 10', os.arch: 'amd64', os.version: '10.0', java.version: '1.8.0_212'
Driver info: driver.version: AndroidDriver
remote stacktrace: UnknownError: An unknown server-side error occurred while processing the command. Original error: Could not find 'adb.exe' in ["C:\\Users\\SuneelSirimisetti\\AppData\\Local\\Android\\Sdk\\tools\\bin\\sdkmanager.bat\\platform-tools\\adb.exe","C:\\Users\\SuneelSirimisetti\\AppData\\Local\\Android\\Sdk\\tools\\bin\\sdkmanager.bat\\emulator\\adb.exe","C:\\Users\\SuneelSirimisetti\\AppData\\Local\\Android\\Sdk\\tools\\bin\\sdkmanager.bat\\tools\\adb.exe","C:\\Users\\SuneelSirimisetti\\AppData\\Local\\Android\\Sdk\\tools\\bin\\sdkmanager.bat\\tools\\bin\\adb.exe"]. Do you have Android Build Tools installed at 'C:\Users\SuneelSirimisetti\AppData\Local\Android\Sdk\tools\bin\sdkmanager.bat'?
    at getResponseForW3CError (C:\Program Files\Appium\resources\app\node_modules\appium\node_modules\appium-base-driver\lib\protocol\errors.js:826:9)
    at asyncHandler (C:\Program Files\Appium\resources\app\node_modules\appium\node_modules\appium-base-driver\lib\protocol\protocol.js:447:37)
    at process._tickCallback (internal/process/next_tick.js:68:7)
at org.openqa.selenium.remote.W3CHandshakeResponse.lambda$errorHandler$0(W3CHandshakeResponse.java:62)
at org.openqa.selenium.remote.HandshakeResponse.lambda$getResponseFunction$0(HandshakeResponse.java:30)
at org.openqa.selenium.remote.ProtocolHandshake.lambda$createSession$0(ProtocolHandshake.java:126)
at java.util.stream.ReferencePipeline$3$1.accept(Unknown Source)
at java.util.Spliterators$ArraySpliterator.tryAdvance(Unknown Source)
at java.util.stream.ReferencePipeline.forEachWithCancel(Unknown Source)
at java.util.stream.AbstractPipeline.copyIntoWithCancel(Unknown Source)
at java.util.stream.AbstractPipeline.copyInto(Unknown Source)
at java.util.stream.AbstractPipeline.wrapAndCopyInto(Unknown Source)
at java.util.stream.FindOps$FindOp.evaluateSequential(Unknown Source)
at java.util.stream.AbstractPipeline.evaluate(Unknown Source)
at java.util.stream.ReferencePipeline.findFirst(Unknown Source)
at org.openqa.selenium.remote.ProtocolHandshake.createSession(ProtocolHandshake.java:128)
... 35 more
... Removed 28 stack frames]]>
    </failure>
  </testcase> <!-- @BeforeSuite setUp -->
  <testcase name="Sum" time="0.0" classname="config.HarvestOrder_Login">
    <skipped/>
  </testcase> <!-- Sum -->
</testsuite> <!-- Test -->
